Sistema backend não disponível - usando modo simulado
OpenTelemetry not available. Using fallback tracing.
{"log_dir": "logs", "log_level": "INFO", "enable_json": true, "enable_console": true, "enable_file": true, "enable_elk": true, "category": "<LogCategory.SYSTEM: 'system'>", "event": "Sistema de logging estruturado avan\u00e7ado inicializado", "logger": "infrastructure.logging.advanced_structured_logger", "level": "info", "timestamp": "2025-08-11T12:09:57.608050Z", "service": "omni_keywords_finder", "environment": "development", "version": "1.0.0", "hostname": "unknown", "memory_usage_mb": 81.9609375, "cpu_usage_percent": 0.0}
{"message": "Sistema de logging completo inicializado", "category": "system", "advanced_logging": true, "log_rotation": true, "elk_integration": true, "event": "Sistema de logging completo inicializado", "logger": "infrastructure.logging.advanced_structured_logger", "level": "info", "timestamp": "2025-08-11T12:09:57.719541Z", "service": "omni_keywords_finder", "environment": "development", "version": "1.0.0", "hostname": "unknown", "memory_usage_mb": 83.05859375, "cpu_usage_percent": 0.0}
OpenTelemetry not available. Using fallback tracing.
OpenTelemetry not available. Using fallback tracing.
{"log_dir": "logs", "log_level": "INFO", "enable_json": true, "enable_console": true, "enable_file": true, "enable_elk": true, "category": "<LogCategory.SYSTEM: 'system'>", "event": "Sistema de logging estruturado avan\u00e7ado inicializado", "logger": "infrastructure.logging.advanced_structured_logger", "level": "info", "timestamp": "2025-08-11T12:57:49.777663Z", "service": "omni_keywords_finder", "environment": "development", "version": "1.0.0", "hostname": "unknown", "memory_usage_mb": 48.63671875, "cpu_usage_percent": 0.0}
{"message": "Sistema de logging completo inicializado", "category": "system", "advanced_logging": true, "log_rotation": true, "elk_integration": true, "event": "Sistema de logging completo inicializado", "logger": "infrastructure.logging.advanced_structured_logger", "level": "info", "timestamp": "2025-08-11T12:57:49.846897Z", "service": "omni_keywords_finder", "environment": "development", "version": "1.0.0", "hostname": "unknown", "memory_usage_mb": 49.703125, "cpu_usage_percent": 0.0}
OpenTelemetry not available. Using fallback tracing.
{"log_dir": "logs", "log_level": "INFO", "enable_json": true, "enable_console": true, "enable_file": true, "enable_elk": true, "category": "<LogCategory.SYSTEM: 'system'>", "event": "Sistema de logging estruturado avan\u00e7ado inicializado", "logger": "infrastructure.logging.advanced_structured_logger", "level": "info", "timestamp": "2025-08-11T13:00:20.877850Z", "service": "omni_keywords_finder", "environment": "development", "version": "1.0.0", "hostname": "unknown", "memory_usage_mb": 48.7734375, "cpu_usage_percent": 0.0}
{"message": "Sistema de logging completo inicializado", "category": "system", "advanced_logging": true, "log_rotation": true, "elk_integration": true, "event": "Sistema de logging completo inicializado", "logger": "infrastructure.logging.advanced_structured_logger", "level": "info", "timestamp": "2025-08-11T13:00:20.943172Z", "service": "omni_keywords_finder", "environment": "development", "version": "1.0.0", "hostname": "unknown", "memory_usage_mb": 49.890625, "cpu_usage_percent": 0.0}
OpenTelemetry not available. Using fallback tracing.
{"log_dir": "logs", "log_level": "INFO", "enable_json": true, "enable_console": true, "enable_file": true, "enable_elk": true, "category": "<LogCategory.SYSTEM: 'system'>", "event": "Sistema de logging estruturado avan\u00e7ado inicializado", "logger": "infrastructure.logging.advanced_structured_logger", "level": "info", "timestamp": "2025-08-11T13:00:51.230065Z", "service": "omni_keywords_finder", "environment": "development", "version": "1.0.0", "hostname": "unknown", "memory_usage_mb": 48.83984375, "cpu_usage_percent": 0.0}
{"message": "Sistema de logging completo inicializado", "category": "system", "advanced_logging": true, "log_rotation": true, "elk_integration": true, "event": "Sistema de logging completo inicializado", "logger": "infrastructure.logging.advanced_structured_logger", "level": "info", "timestamp": "2025-08-11T13:00:51.280489Z", "service": "omni_keywords_finder", "environment": "development", "version": "1.0.0", "hostname": "unknown", "memory_usage_mb": 50.01953125, "cpu_usage_percent": 0.0}
OpenTelemetry not available. Using fallback tracing.
OpenTelemetry not available. Using fallback tracing.
Tracing metrics initialized
OpenTelemetry not available. Using fallback tracing.
OpenTelemetry not available. Using fallback tracing.
OpenTelemetry not available. Using fallback tracing.
OpenTelemetry not available. Using fallback tracing.
